-------------------------------------------------------------------------------
Test set: com.hugopham.mailmodules.ExtendedEmailTest
-------------------------------------------------------------------------------
Tests run: 6, Failures: 1, Errors: 0, Skipped: 0, Time elapsed: 0.001 sec <<< FAILURE! - in com.hugopham.mailmodules.ExtendedEmailTest
testEquals(com.hugopham.mailmodules.ExtendedEmailTest)  Time elapsed: 0.001 sec  <<< FAILURE!
java.lang.AssertionError: expected:<true> but was:<false>
	at com.hugopham.mailmodules.ExtendedEmailTest.testEquals(ExtendedEmailTest.java:81)

