<?xml version="1.0" encoding="UTF-8"?>
<testsuite xmlns:xsi="http://www.w3.org/2001/XMLSchema-instance" xsi:schemaLocation="https://maven.apache.org/surefire/maven-surefire-plugin/xsd/surefire-test-report.xsd" name="com.hugopham.mailmodules.SendModuleTest" time="0.125" tests="5" errors="5" skipped="0" failures="0">
  <properties>
[...]
</properties>
  <testcase name="testGetConfigEmail" classname="com.hugopham.mailmodules.SendModuleTest" time="0">
    <error message="Not supported yet." type="java.lang.UnsupportedOperationException">java.lang.UnsupportedOperationException: Not supported yet.
	at com.hugopham.mailmodules.SendModuleTest.testGetConfigEmail(SendModuleTest.java:112)
</error>
    <system-out><![CDATA[getConfigEmail
]]></system-out>
  </testcase>
  <testcase name="testSendEmail_ExtendedEmail" classname="com.hugopham.mailmodules.SendModuleTest" time="0.062">
    <error message="Failed to connect; &lt;--- javax.mail.AuthenticationFailedException: failed to connect, no user name specified?" type="jodd.mail.MailException"><![CDATA[jodd.mail.MailException: Failed to connect; <--- javax.mail.AuthenticationFailedException: failed to connect, no user name specified?
	at com.hugopham.mailmodules.SendModuleTest.testSendEmail_ExtendedEmail(SendModuleTest.java:71)
Caused by: javax.mail.AuthenticationFailedException: failed to connect, no user name specified?
	at com.hugopham.mailmodules.SendModuleTest.testSendEmail_ExtendedEmail(SendModuleTest.java:71)
]]></error>
    <system-out><![CDATA[sendEmail
]]></system-out>
  </testcase>
  <testcase name="testSendEmail_0args" classname="com.hugopham.mailmodules.SendModuleTest" time="0">
    <error type="java.lang.NullPointerException">java.lang.NullPointerException
	at com.hugopham.mailmodules.SendModuleTest.testSendEmail_0args(SendModuleTest.java:56)
</error>
    <system-out><![CDATA[sendEmail
]]></system-out>
  </testcase>
  <testcase name="testReceiveEmail" classname="com.hugopham.mailmodules.SendModuleTest" time="0.016">
    <error message="Open session error; &lt;--- javax.mail.AuthenticationFailedException: failed to connect, no user name specified?" type="jodd.mail.MailException"><![CDATA[jodd.mail.MailException: Open session error; <--- javax.mail.AuthenticationFailedException: failed to connect, no user name specified?
	at com.hugopham.mailmodules.SendModuleTest.testReceiveEmail(SendModuleTest.java:85)
Caused by: javax.mail.AuthenticationFailedException: failed to connect, no user name specified?
	at com.hugopham.mailmodules.SendModuleTest.testReceiveEmail(SendModuleTest.java:85)
]]></error>
    <system-out><![CDATA[receiveEmail
DEBUG: JavaMail version 1.4.5
DEBUG: successfully loaded resource: /META-INF/javamail.default.providers
DEBUG: Tables of loaded providers
DEBUG: Providers Listed By Class Name: {com.sun.mail.smtp.SMTPSSLTransport=javax.mail.Provider[TRANSPORT,smtps,com.sun.mail.smtp.SMTPSSLTransport,Sun Microsystems, Inc], com.sun.mail.smtp.SMTPTransport=javax.mail.Provider[TRANSPORT,smtp,com.sun.mail.smtp.SMTPTransport,Sun Microsystems, Inc], com.sun.mail.imap.IMAPSSLStore=javax.mail.Provider[STORE,imaps,com.sun.mail.imap.IMAPSSLStore,Sun Microsystems, Inc], com.sun.mail.pop3.POP3SSLStore=javax.mail.Provider[STORE,pop3s,com.sun.mail.pop3.POP3SSLStore,Sun Microsystems, Inc], com.sun.mail.imap.IMAPStore=javax.mail.Provider[STORE,imap,com.sun.mail.imap.IMAPStore,Sun Microsystems, Inc], com.sun.mail.pop3.POP3Store=javax.mail.Provider[STORE,pop3,com.sun.mail.pop3.POP3Store,Sun Microsystems, Inc]}
DEBUG: Providers Listed By Protocol: {imaps=javax.mail.Provider[STORE,imaps,com.sun.mail.imap.IMAPSSLStore,Sun Microsystems, Inc], imap=javax.mail.Provider[STORE,imap,com.sun.mail.imap.IMAPStore,Sun Microsystems, Inc], smtps=javax.mail.Provider[TRANSPORT,smtps,com.sun.mail.smtp.SMTPSSLTransport,Sun Microsystems, Inc], pop3=javax.mail.Provider[STORE,pop3,com.sun.mail.pop3.POP3Store,Sun Microsystems, Inc], pop3s=javax.mail.Provider[STORE,pop3s,com.sun.mail.pop3.POP3SSLStore,Sun Microsystems, Inc], smtp=javax.mail.Provider[TRANSPORT,smtp,com.sun.mail.smtp.SMTPTransport,Sun Microsystems, Inc]}
DEBUG: successfully loaded resource: /META-INF/javamail.default.address.map
DEBUG: mail.imap.partialfetch: false
DEBUG: mail.imap.statuscachetimeout: 1000
DEBUG: mail.imap.appendbuffersize: -1
DEBUG: mail.imap.minidletime: 10
DEBUG: protocolConnect returning false, host=null, user=1334944, password=<null>
DEBUG: protocolConnect returning false, host=null, user=null, password=<null>
]]></system-out>
  </testcase>
  <testcase name="testSetConfigEmail" classname="com.hugopham.mailmodules.SendModuleTest" time="0">
    <error message="Not supported yet." type="java.lang.UnsupportedOperationException">java.lang.UnsupportedOperationException: Not supported yet.
	at com.hugopham.mailmodules.SendModuleTest.testSetConfigEmail(SendModuleTest.java:99)
</error>
    <system-out><![CDATA[setConfigEmail
]]></system-out>
  </testcase>
</testsuite>